<!DOCTYPE html PUBLIC "-//W3C//DTD XHTML 1.1//EN" "http://www.w3.org/TR/xhtml11/DTD/xhtml11.dtd">
<html xmlns="http://www.w3.org/1999/xhtml">
<head>
<meta http-equiv="content-type" content="text/html; charset=UTF-8"/>
<title>TestNG Report</title>
<style type="text/css">table {margin-bottom:10px;border-collapse:collapse;empty-cells:show}th,td {border:1px solid #009;padding:.25em .5em}th {vertical-align:bottom}td {vertical-align:top}table a {font-weight:bold}.stripe td {background-color: #E6EBF9}.num {text-align:right}.passedodd td {background-color: #3F3}.passedeven td {background-color: #0A0}.skippedodd td {background-color: #DDD}.skippedeven td {background-color: #CCC}.failedodd td,.attn {background-color: #F33}.failedeven td,.stripe .attn {background-color: #D00}.stacktrace {white-space:pre;font-family:monospace}.totop {font-size:85%;text-align:center;border-bottom:2px solid #000}.invisible {display:none}</style>
</head>
<body>
<table>
<tr><th>Test</th><th># Passed</th><th># Skipped</th><th># Failed</th><th>Time (ms)</th><th>Included Groups</th><th>Excluded Groups</th></tr>
<tr><th colspan="7">TestSuite</th></tr>
<tr><td><a href="#t0">Testing</a></td><td class="num">18</td><td class="num">0</td><td class="num attn">7</td><td class="num">39,392</td><td></td><td></td></tr>
</table>
<table id='summary'><thead><tr><th>Class</th><th>Method</th><th>Start</th><th>Time (ms)</th></tr></thead><tbody><tr><th colspan="4">TestSuite</th></tr></tbody><tbody id="t0"><tr><th colspan="4">Testing &#8212; failed</th></tr><tr class="failedeven"><td rowspan="7">tests.InvoicesListTest</td><td><a href="#m0">filterClient</a></td><td rowspan="1">1533323379403</td><td rowspan="1">2008</td></tr><tr class="failedeven"><td><a href="#m1">lastMonth</a></td><td rowspan="1">1533323382583</td><td rowspan="1">986</td></tr><tr class="failedeven"><td><a href="#m2">numOfInvoices</a></td><td rowspan="1">1533323385451</td><td rowspan="1">76</td></tr><tr class="failedeven"><td><a href="#m3">previewInvoice</a></td><td rowspan="1">1533323385528</td><td rowspan="1">11517</td></tr><tr class="failedeven"><td><a href="#m4">resetInvoices</a></td><td rowspan="1">1533323384896</td><td rowspan="1">554</td></tr><tr class="failedeven"><td><a href="#m5">resetMonth</a></td><td rowspan="1">1533323383570</td><td rowspan="1">1325</td></tr><tr class="failedeven"><td><a href="#m6">thisMonth</a></td><td rowspan="1">1533323381414</td><td rowspan="1">1168</td></tr><tr><th colspan="4">Testing &#8212; passed</th></tr><tr class="passedeven"><td rowspan="16">tests.AddNewInvoiceTest</td><td><a href="#m7">CheckNewInvoiceForm</a></td><td rowspan="1">1533323364760</td><td rowspan="1">76</td></tr><tr class="passedeven"><td><a href="#m8">addInvoiceContent</a></td><td rowspan="1">1533323374517</td><td rowspan="1">2326</td></tr><tr class="passedeven"><td><a href="#m9">addNewInvoice</a></td><td rowspan="1">1533323362640</td><td rowspan="1">844</td></tr><tr class="passedeven"><td><a href="#m10">addNewInvoiceAndGoBack</a></td><td rowspan="1">1533323361678</td><td rowspan="1">961</td></tr><tr class="passedeven"><td><a href="#m11">addWrongInvoiceContentAndDelete</a></td><td rowspan="1">1533323371181</td><td rowspan="1">3331</td></tr><tr class="passedeven"><td><a href="#m12">bank</a></td><td rowspan="1">1533323376845</td><td rowspan="1">880</td></tr><tr class="passedeven"><td><a href="#m13">basis</a></td><td rowspan="1">1533323370404</td><td rowspan="1">531</td></tr><tr class="passedeven"><td><a href="#m14">dueDate</a></td><td rowspan="1">1533323368365</td><td rowspan="1">2038</td></tr><tr class="passedeven"><td><a href="#m15">formStatus</a></td><td rowspan="1">1533323364837</td><td rowspan="1">753</td></tr><tr class="passedeven"><td><a href="#m16">from</a></td><td rowspan="1">1533323366447</td><td rowspan="1">914</td></tr><tr class="passedeven"><td><a href="#m17">noInputJustSave</a></td><td rowspan="1">1533323363485</td><td rowspan="1">1274</td></tr><tr class="passedeven"><td><a href="#m18">save</a></td><td rowspan="1">1533323377731</td><td rowspan="1">1050</td></tr><tr class="passedeven"><td><a href="#m19">submittedDate</a></td><td rowspan="1">1533323367363</td><td rowspan="1">1001</td></tr><tr class="passedeven"><td><a href="#m20">title</a></td><td rowspan="1">1533323378785</td><td rowspan="1">557</td></tr><tr class="passedeven"><td><a href="#m21">to</a></td><td rowspan="1">1533323365592</td><td rowspan="1">853</td></tr><tr class="passedeven"><td><a href="#m22">toCurrencyPicked</a></td><td rowspan="1">1533323370937</td><td rowspan="1">243</td></tr><tr class="passedodd"><td rowspan="1">tests.InvoicesListTest</td><td><a href="#m23">userID</a></td><td rowspan="1">1533323379343</td><td rowspan="1">59</td></tr><tr class="passedeven"><td rowspan="1">tests.LoginTest</td><td><a href="#m24">correctEmailCorrectPassword</a></td><td rowspan="1">1533323357675</td><td rowspan="1">4000</td></tr></tbody>
</table>
<h2>Testing</h2><h3 id="m0">tests.InvoicesListTest#filterClient</h3><table class="result"><tr><th>Exception</th></tr><tr><td><div class="stacktrace">org.openqa.selenium.WebDriverException: unknown error: Element &lt;label for=&quot;filter-client&quot; class=&quot;v-label&quot; style=&quot;left: 0px; right: auto; position: absolute;&quot;&gt;...&lt;/label&gt; is not clickable at point (398, 224). Other element would receive the click: &lt;div class=&quot;v-select__selections&quot;&gt;...&lt;/div&gt;
  (Session info: chrome=67.0.3396.99)
  (Driver info: chromedriver=2.40.565498 (ea082db3280dd6843ebfb08a625e3eb905c4f5ab),platform=Windows NT 6.1.7601 SP1 x86_64) (WARNING: The server did not provide any stacktrace information)
Command duration or timeout: 0 milliseconds
Build info: version: &apos;3.13.0&apos;, revision: &apos;2f0d292&apos;, time: &apos;2018-06-25T15:32:14.902Z&apos;
System info: host: &apos;KRSTA-PC&apos;, ip: &apos;192.168.23.44&apos;, os.name: &apos;Windows 7&apos;, os.arch: &apos;amd64&apos;, os.version: &apos;6.1&apos;, java.version: &apos;1.8.0_171&apos;
Driver info: org.openqa.selenium.chrome.ChromeDriver
Capabilities {acceptInsecureCerts: false, acceptSslCerts: false, applicationCacheEnabled: false, browserConnectionEnabled: false, browserName: chrome, chrome: {chromedriverVersion: 2.40.565498 (ea082db3280dd6..., userDataDir: C:\Users\Krsta\AppData\Loca...}, cssSelectorsEnabled: true, databaseEnabled: false, handlesAlerts: true, hasTouchScreen: false, javascriptEnabled: true, locationContextEnabled: true, mobileEmulationEnabled: false, nativeEvents: true, networkConnectionEnabled: false, pageLoadStrategy: normal, platform: XP, platformName: XP, rotatable: false, setWindowRect: true, takesHeapSnapshot: true, takesScreenshot: true, unexpectedAlertBehaviour: , unhandledPromptBehavior: , version: 67.0.3396.99, webStorageEnabled: true}
Session ID: 13e481db5c7b71f2e7fe9046d4d6ce06
	at org.openqa.selenium.remote.ErrorHandler.createThrowable(ErrorHandler.java:214)
	at org.openqa.selenium.remote.ErrorHandler.throwIfResponseFailed(ErrorHandler.java:166)
	at org.openqa.selenium.remote.http.JsonHttpResponseCodec.reconstructValue(JsonHttpResponseCodec.java:40)
	at org.openqa.selenium.remote.http.AbstractHttpResponseCodec.decode(AbstractHttpResponseCodec.java:80)
	at org.openqa.selenium.remote.http.AbstractHttpResponseCodec.decode(AbstractHttpResponseCodec.java:44)
	at org.openqa.selenium.remote.HttpCommandExecutor.execute(HttpCommandExecutor.java:158)
	at org.openqa.selenium.remote.service.DriverCommandExecutor.execute(DriverCommandExecutor.java:83)
	at org.openqa.selenium.remote.RemoteWebDriver.execute(RemoteWebDriver.java:548)
	at org.openqa.selenium.remote.RemoteWebElement.execute(RemoteWebElement.java:276)
	at org.openqa.selenium.remote.RemoteWebElement.click(RemoteWebElement.java:83)
	at org.openqa.selenium.support.pagefactory.internal.LocatingElementHandler.invoke(LocatingElementHandler.java:51)
	at com.sun.proxy.$Proxy9.click(Unknown Source)
	at pages.InvoicesPage.filterClient(InvoicesPage.java:104)
	at tests.InvoicesListTest.filterClient(InvoicesListTest.java:22)
... Removed 32 stack frames</div></td></tr></table><p class="totop"><a href="#summary">back to summary</a></p>
<h3 id="m1">tests.InvoicesListTest#lastMonth</h3><table class="result"><tr><th>Exception</th></tr><tr><td><div class="stacktrace">java.lang.AssertionError
	at org.junit.Assert.fail(Assert.java:86)
	at org.junit.Assert.assertTrue(Assert.java:41)
	at org.junit.Assert.assertTrue(Assert.java:52)
	at tests.InvoicesListTest.lastMonth(InvoicesListTest.java:66)
... Removed 25 stack frames</div></td></tr></table><p class="totop"><a href="#summary">back to summary</a></p>
<h3 id="m2">tests.InvoicesListTest#numOfInvoices</h3><table class="result"><tr><th>Exception</th></tr><tr><td><div class="stacktrace">java.lang.AssertionError
	at org.junit.Assert.fail(Assert.java:86)
	at org.junit.Assert.assertTrue(Assert.java:41)
	at org.junit.Assert.assertTrue(Assert.java:52)
	at tests.InvoicesListTest.numOfInvoices(InvoicesListTest.java:116)
... Removed 25 stack frames</div></td></tr></table><p class="totop"><a href="#summary">back to summary</a></p>
<h3 id="m3">tests.InvoicesListTest#previewInvoice</h3><table class="result"><tr><th>Exception</th></tr><tr><td><div class="stacktrace">org.openqa.selenium.TimeoutException: Expected condition failed: waiting for visibility of [[ChromeDriver: chrome on XP (13e481db5c7b71f2e7fe9046d4d6ce06)] -&gt; xpath: //*[text()[contains(.,&apos;Do you want to delete this invoice?&apos;)]]] (tried for 10 second(s) with 500 milliseconds interval)
Build info: version: &apos;3.13.0&apos;, revision: &apos;2f0d292&apos;, time: &apos;2018-06-25T15:32:14.902Z&apos;
System info: host: &apos;KRSTA-PC&apos;, ip: &apos;192.168.23.44&apos;, os.name: &apos;Windows 7&apos;, os.arch: &apos;amd64&apos;, os.version: &apos;6.1&apos;, java.version: &apos;1.8.0_171&apos;
Driver info: org.openqa.selenium.chrome.ChromeDriver
Capabilities {acceptInsecureCerts: false, acceptSslCerts: false, applicationCacheEnabled: false, browserConnectionEnabled: false, browserName: chrome, chrome: {chromedriverVersion: 2.40.565498 (ea082db3280dd6..., userDataDir: C:\Users\Krsta\AppData\Loca...}, cssSelectorsEnabled: true, databaseEnabled: false, handlesAlerts: true, hasTouchScreen: false, javascriptEnabled: true, locationContextEnabled: true, mobileEmulationEnabled: false, nativeEvents: true, networkConnectionEnabled: false, pageLoadStrategy: normal, platform: XP, platformName: XP, rotatable: false, setWindowRect: true, takesHeapSnapshot: true, takesScreenshot: true, unexpectedAlertBehaviour: , unhandledPromptBehavior: , version: 67.0.3396.99, webStorageEnabled: true}
Session ID: 13e481db5c7b71f2e7fe9046d4d6ce06
	at org.openqa.selenium.support.ui.WebDriverWait.timeoutException(WebDriverWait.java:81)
	at org.openqa.selenium.support.ui.FluentWait.until(FluentWait.java:271)
	at pages.InvoicesPage.deleteMsg(InvoicesPage.java:198)
	at tests.InvoicesListTest.previewInvoice(InvoicesListTest.java:130)
... Removed 25 stack frames</div></td></tr></table><p class="totop"><a href="#summary">back to summary</a></p>
<h3 id="m4">tests.InvoicesListTest#resetInvoices</h3><table class="result"><tr><th>Exception</th></tr><tr><td><div class="stacktrace">java.lang.AssertionError
	at org.junit.Assert.fail(Assert.java:86)
	at org.junit.Assert.assertTrue(Assert.java:41)
	at org.junit.Assert.assertTrue(Assert.java:52)
	at tests.InvoicesListTest.resetInvoices(InvoicesListTest.java:101)
... Removed 25 stack frames</div></td></tr></table><p class="totop"><a href="#summary">back to summary</a></p>
<h3 id="m5">tests.InvoicesListTest#resetMonth</h3><table class="result"><tr><th>Exception</th></tr><tr><td><div class="stacktrace">java.lang.AssertionError
	at org.junit.Assert.fail(Assert.java:86)
	at org.junit.Assert.assertTrue(Assert.java:41)
	at org.junit.Assert.assertTrue(Assert.java:52)
	at tests.InvoicesListTest.resetMonth(InvoicesListTest.java:84)
... Removed 25 stack frames</div></td></tr></table><p class="totop"><a href="#summary">back to summary</a></p>
<h3 id="m6">tests.InvoicesListTest#thisMonth</h3><table class="result"><tr><th>Exception</th></tr><tr><td><div class="stacktrace">java.lang.AssertionError
	at org.junit.Assert.fail(Assert.java:86)
	at org.junit.Assert.assertTrue(Assert.java:41)
	at org.junit.Assert.assertTrue(Assert.java:52)
	at tests.InvoicesListTest.thisMonth(InvoicesListTest.java:48)
... Removed 25 stack frames</div></td></tr></table><p class="totop"><a href="#summary">back to summary</a></p>
<h3 id="m7">tests.AddNewInvoiceTest#CheckNewInvoiceForm</h3><table class="result"><tr><th class="invisible"/></tr></table><p class="totop"><a href="#summary">back to summary</a></p>
<h3 id="m8">tests.AddNewInvoiceTest#addInvoiceContent</h3><table class="result"><tr><th class="invisible"/></tr></table><p class="totop"><a href="#summary">back to summary</a></p>
<h3 id="m9">tests.AddNewInvoiceTest#addNewInvoice</h3><table class="result"><tr><th class="invisible"/></tr></table><p class="totop"><a href="#summary">back to summary</a></p>
<h3 id="m10">tests.AddNewInvoiceTest#addNewInvoiceAndGoBack</h3><table class="result"><tr><th class="invisible"/></tr></table><p class="totop"><a href="#summary">back to summary</a></p>
<h3 id="m11">tests.AddNewInvoiceTest#addWrongInvoiceContentAndDelete</h3><table class="result"><tr><th class="invisible"/></tr></table><p class="totop"><a href="#summary">back to summary</a></p>
<h3 id="m12">tests.AddNewInvoiceTest#bank</h3><table class="result"><tr><th class="invisible"/></tr></table><p class="totop"><a href="#summary">back to summary</a></p>
<h3 id="m13">tests.AddNewInvoiceTest#basis</h3><table class="result"><tr><th class="invisible"/></tr></table><p class="totop"><a href="#summary">back to summary</a></p>
<h3 id="m14">tests.AddNewInvoiceTest#dueDate</h3><table class="result"><tr><th class="invisible"/></tr></table><p class="totop"><a href="#summary">back to summary</a></p>
<h3 id="m15">tests.AddNewInvoiceTest#formStatus</h3><table class="result"><tr><th class="invisible"/></tr></table><p class="totop"><a href="#summary">back to summary</a></p>
<h3 id="m16">tests.AddNewInvoiceTest#from</h3><table class="result"><tr><th class="invisible"/></tr></table><p class="totop"><a href="#summary">back to summary</a></p>
<h3 id="m17">tests.AddNewInvoiceTest#noInputJustSave</h3><table class="result"><tr><th class="invisible"/></tr></table><p class="totop"><a href="#summary">back to summary</a></p>
<h3 id="m18">tests.AddNewInvoiceTest#save</h3><table class="result"><tr><th class="invisible"/></tr></table><p class="totop"><a href="#summary">back to summary</a></p>
<h3 id="m19">tests.AddNewInvoiceTest#submittedDate</h3><table class="result"><tr><th class="invisible"/></tr></table><p class="totop"><a href="#summary">back to summary</a></p>
<h3 id="m20">tests.AddNewInvoiceTest#title</h3><table class="result"><tr><th class="invisible"/></tr></table><p class="totop"><a href="#summary">back to summary</a></p>
<h3 id="m21">tests.AddNewInvoiceTest#to</h3><table class="result"><tr><th class="invisible"/></tr></table><p class="totop"><a href="#summary">back to summary</a></p>
<h3 id="m22">tests.AddNewInvoiceTest#toCurrencyPicked</h3><table class="result"><tr><th class="invisible"/></tr></table><p class="totop"><a href="#summary">back to summary</a></p>
<h3 id="m23">tests.InvoicesListTest#userID</h3><table class="result"><tr><th class="invisible"/></tr></table><p class="totop"><a href="#summary">back to summary</a></p>
<h3 id="m24">tests.LoginTest#correctEmailCorrectPassword</h3><table class="result"><tr><th class="invisible"/></tr></table><p class="totop"><a href="#summary">back to summary</a></p>
</body>
</html>
