<?xml version="1.0" encoding="UTF-8"?>
<!-- Generated by org.testng.reporters.JUnitXMLReporter -->
<testsuite hostname="Krsta-PC" ignored="4" name="Testing" tests="25" failures="7" timestamp="03 Aug 2018 19:09:57 GMT" time="39.392" errors="0">
  <testcase name="correctEmailCorrectPassword" time="4.0" classname="tests.LoginTest"/>
  <testcase name="addNewInvoiceAndGoBack" time="0.961" classname="tests.AddNewInvoiceTest"/>
  <testcase name="addNewInvoice" time="0.844" classname="tests.AddNewInvoiceTest"/>
  <testcase name="noInputJustSave" time="1.274" classname="tests.AddNewInvoiceTest"/>
  <testcase name="CheckNewInvoiceForm" time="0.076" classname="tests.AddNewInvoiceTest"/>
  <testcase name="formStatus" time="0.753" classname="tests.AddNewInvoiceTest"/>
  <testcase name="to" time="0.853" classname="tests.AddNewInvoiceTest"/>
  <testcase name="from" time="0.914" classname="tests.AddNewInvoiceTest"/>
  <testcase name="submittedDate" time="1.001" classname="tests.AddNewInvoiceTest"/>
  <testcase name="dueDate" time="2.038" classname="tests.AddNewInvoiceTest"/>
  <testcase name="basis" time="0.531" classname="tests.AddNewInvoiceTest"/>
  <testcase name="toCurrencyPicked" time="0.243" classname="tests.AddNewInvoiceTest"/>
  <testcase name="addWrongInvoiceContentAndDelete" time="3.331" classname="tests.AddNewInvoiceTest"/>
  <testcase name="addInvoiceContent" time="2.326" classname="tests.AddNewInvoiceTest"/>
  <testcase name="bank" time="0.88" classname="tests.AddNewInvoiceTest"/>
  <testcase name="save" time="1.05" classname="tests.AddNewInvoiceTest"/>
  <testcase name="title" time="0.557" classname="tests.AddNewInvoiceTest"/>
  <testcase name="userID" time="0.059" classname="tests.InvoicesListTest"/>
  <testcase name="filterClient" time="2.008" classname="tests.InvoicesListTest">
    <failure type="org.openqa.selenium.WebDriverException" message="unknown error: Element &amp;lt;label for=&amp;quot;filter-client&amp;quot; class=&amp;quot;v-label&amp;quot; style=&amp;quot;left: 0px; right: auto; position: absolute;&amp;quot;&amp;gt;...&amp;lt;/label&amp;gt; is not clickable at point (398, 224). Other element would receive the click: &amp;lt;div class=&amp;quot;v-select__selections&amp;quot;&amp;gt;...&amp;lt;/div&amp;gt;
  (Session info: chrome=67.0.3396.99)
  (Driver info: chromedriver=2.40.565498 (ea082db3280dd6843ebfb08a625e3eb905c4f5ab),platform=Windows NT 6.1.7601 SP1 x86_64) (WARNING: The server did not provide any stacktrace information)
Command duration or timeout: 0 milliseconds
Build info: version: &amp;apos;3.13.0&amp;apos;, revision: &amp;apos;2f0d292&amp;apos;, time: &amp;apos;2018-06-25T15:32:14.902Z&amp;apos;
System info: host: &amp;apos;KRSTA-PC&amp;apos;, ip: &amp;apos;192.168.23.44&amp;apos;, os.name: &amp;apos;Windows 7&amp;apos;, os.arch: &amp;apos;amd64&amp;apos;, os.version: &amp;apos;6.1&amp;apos;, java.version: &amp;apos;1.8.0_171&amp;apos;
Driver info: org.openqa.selenium.chrome.ChromeDriver
Capabilities {acceptInsecureCerts: false, acceptSslCerts: false, applicationCacheEnabled: false, browserConnectionEnabled: false, browserName: chrome, chrome: {chromedriverVersion: 2.40.565498 (ea082db3280dd6..., userDataDir: C:\Users\Krsta\AppData\Loca...}, cssSelectorsEnabled: true, databaseEnabled: false, handlesAlerts: true, hasTouchScreen: false, javascriptEnabled: true, locationContextEnabled: true, mobileEmulationEnabled: false, nativeEvents: true, networkConnectionEnabled: false, pageLoadStrategy: normal, platform: XP, platformName: XP, rotatable: false, setWindowRect: true, takesHeapSnapshot: true, takesScreenshot: true, unexpectedAlertBehaviour: , unhandledPromptBehavior: , version: 67.0.3396.99, webStorageEnabled: true}
Session ID: 13e481db5c7b71f2e7fe9046d4d6ce06">
      <![CDATA[org.openqa.selenium.WebDriverException: unknown error: Element <label for="filter-client" class="v-label" style="left: 0px; right: auto; position: absolute;">...</label> is not clickable at point (398, 224). Other element would receive the click: <div class="v-select__selections">...</div>
  (Session info: chrome=67.0.3396.99)
  (Driver info: chromedriver=2.40.565498 (ea082db3280dd6843ebfb08a625e3eb905c4f5ab),platform=Windows NT 6.1.7601 SP1 x86_64) (WARNING: The server did not provide any stacktrace information)
Command duration or timeout: 0 milliseconds
Build info: version: '3.13.0', revision: '2f0d292', time: '2018-06-25T15:32:14.902Z'
System info: host: 'KRSTA-PC', ip: '192.168.23.44', os.name: 'Windows 7', os.arch: 'amd64', os.version: '6.1', java.version: '1.8.0_171'
Driver info: org.openqa.selenium.chrome.ChromeDriver
Capabilities {acceptInsecureCerts: false, acceptSslCerts: false, applicationCacheEnabled: false, browserConnectionEnabled: false, browserName: chrome, chrome: {chromedriverVersion: 2.40.565498 (ea082db3280dd6..., userDataDir: C:\Users\Krsta\AppData\Loca...}, cssSelectorsEnabled: true, databaseEnabled: false, handlesAlerts: true, hasTouchScreen: false, javascriptEnabled: true, locationContextEnabled: true, mobileEmulationEnabled: false, nativeEvents: true, networkConnectionEnabled: false, pageLoadStrategy: normal, platform: XP, platformName: XP, rotatable: false, setWindowRect: true, takesHeapSnapshot: true, takesScreenshot: true, unexpectedAlertBehaviour: , unhandledPromptBehavior: , version: 67.0.3396.99, webStorageEnabled: true}
Session ID: 13e481db5c7b71f2e7fe9046d4d6ce06
at org.openqa.selenium.remote.ErrorHandler.createThrowable(ErrorHandler.java:214)
at org.openqa.selenium.remote.ErrorHandler.throwIfResponseFailed(ErrorHandler.java:166)
at org.openqa.selenium.remote.http.JsonHttpResponseCodec.reconstructValue(JsonHttpResponseCodec.java:40)
at org.openqa.selenium.remote.http.AbstractHttpResponseCodec.decode(AbstractHttpResponseCodec.java:80)
at org.openqa.selenium.remote.http.AbstractHttpResponseCodec.decode(AbstractHttpResponseCodec.java:44)
at org.openqa.selenium.remote.HttpCommandExecutor.execute(HttpCommandExecutor.java:158)
at org.openqa.selenium.remote.service.DriverCommandExecutor.execute(DriverCommandExecutor.java:83)
at org.openqa.selenium.remote.RemoteWebDriver.execute(RemoteWebDriver.java:548)
at org.openqa.selenium.remote.RemoteWebElement.execute(RemoteWebElement.java:276)
at org.openqa.selenium.remote.RemoteWebElement.click(RemoteWebElement.java:83)
at org.openqa.selenium.support.pagefactory.internal.LocatingElementHandler.invoke(LocatingElementHandler.java:51)
at com.sun.proxy.$Proxy9.click(Unknown Source)
at pages.InvoicesPage.filterClient(InvoicesPage.java:104)
at tests.InvoicesListTest.filterClient(InvoicesListTest.java:22)
... Removed 32 stack frames]]>
    </failure>
  </testcase> <!-- filterClient -->
  <testcase name="thisMonth" time="1.168" classname="tests.InvoicesListTest">
    <failure type="java.lang.AssertionError">
      <![CDATA[java.lang.AssertionError
at org.junit.Assert.fail(Assert.java:86)
at org.junit.Assert.assertTrue(Assert.java:41)
at org.junit.Assert.assertTrue(Assert.java:52)
at tests.InvoicesListTest.thisMonth(InvoicesListTest.java:48)
... Removed 25 stack frames]]>
    </failure>
  </testcase> <!-- thisMonth -->
  <testcase name="lastMonth" time="0.986" classname="tests.InvoicesListTest">
    <failure type="java.lang.AssertionError">
      <![CDATA[java.lang.AssertionError
at org.junit.Assert.fail(Assert.java:86)
at org.junit.Assert.assertTrue(Assert.java:41)
at org.junit.Assert.assertTrue(Assert.java:52)
at tests.InvoicesListTest.lastMonth(InvoicesListTest.java:66)
... Removed 25 stack frames]]>
    </failure>
  </testcase> <!-- lastMonth -->
  <testcase name="resetMonth" time="1.325" classname="tests.InvoicesListTest">
    <failure type="java.lang.AssertionError">
      <![CDATA[java.lang.AssertionError
at org.junit.Assert.fail(Assert.java:86)
at org.junit.Assert.assertTrue(Assert.java:41)
at org.junit.Assert.assertTrue(Assert.java:52)
at tests.InvoicesListTest.resetMonth(InvoicesListTest.java:84)
... Removed 25 stack frames]]>
    </failure>
  </testcase> <!-- resetMonth -->
  <testcase name="resetInvoices" time="0.554" classname="tests.InvoicesListTest">
    <failure type="java.lang.AssertionError">
      <![CDATA[java.lang.AssertionError
at org.junit.Assert.fail(Assert.java:86)
at org.junit.Assert.assertTrue(Assert.java:41)
at org.junit.Assert.assertTrue(Assert.java:52)
at tests.InvoicesListTest.resetInvoices(InvoicesListTest.java:101)
... Removed 25 stack frames]]>
    </failure>
  </testcase> <!-- resetInvoices -->
  <testcase name="numOfInvoices" time="0.076" classname="tests.InvoicesListTest">
    <failure type="java.lang.AssertionError">
      <![CDATA[java.lang.AssertionError
at org.junit.Assert.fail(Assert.java:86)
at org.junit.Assert.assertTrue(Assert.java:41)
at org.junit.Assert.assertTrue(Assert.java:52)
at tests.InvoicesListTest.numOfInvoices(InvoicesListTest.java:116)
... Removed 25 stack frames]]>
    </failure>
  </testcase> <!-- numOfInvoices -->
  <testcase name="previewInvoice" time="11.517" classname="tests.InvoicesListTest">
    <failure type="org.openqa.selenium.TimeoutException" message="Expected condition failed: waiting for visibility of [[ChromeDriver: chrome on XP (13e481db5c7b71f2e7fe9046d4d6ce06)] -&amp;gt; xpath: //*[text()[contains(.,&amp;apos;Do you want to delete this invoice?&amp;apos;)]]] (tried for 10 second(s) with 500 milliseconds interval)
Build info: version: &amp;apos;3.13.0&amp;apos;, revision: &amp;apos;2f0d292&amp;apos;, time: &amp;apos;2018-06-25T15:32:14.902Z&amp;apos;
System info: host: &amp;apos;KRSTA-PC&amp;apos;, ip: &amp;apos;192.168.23.44&amp;apos;, os.name: &amp;apos;Windows 7&amp;apos;, os.arch: &amp;apos;amd64&amp;apos;, os.version: &amp;apos;6.1&amp;apos;, java.version: &amp;apos;1.8.0_171&amp;apos;
Driver info: org.openqa.selenium.chrome.ChromeDriver
Capabilities {acceptInsecureCerts: false, acceptSslCerts: false, applicationCacheEnabled: false, browserConnectionEnabled: false, browserName: chrome, chrome: {chromedriverVersion: 2.40.565498 (ea082db3280dd6..., userDataDir: C:\Users\Krsta\AppData\Loca...}, cssSelectorsEnabled: true, databaseEnabled: false, handlesAlerts: true, hasTouchScreen: false, javascriptEnabled: true, locationContextEnabled: true, mobileEmulationEnabled: false, nativeEvents: true, networkConnectionEnabled: false, pageLoadStrategy: normal, platform: XP, platformName: XP, rotatable: false, setWindowRect: true, takesHeapSnapshot: true, takesScreenshot: true, unexpectedAlertBehaviour: , unhandledPromptBehavior: , version: 67.0.3396.99, webStorageEnabled: true}
Session ID: 13e481db5c7b71f2e7fe9046d4d6ce06">
      <![CDATA[org.openqa.selenium.TimeoutException: Expected condition failed: waiting for visibility of [[ChromeDriver: chrome on XP (13e481db5c7b71f2e7fe9046d4d6ce06)] -> xpath: //*[text()[contains(.,'Do you want to delete this invoice?')]]] (tried for 10 second(s) with 500 milliseconds interval)
Build info: version: '3.13.0', revision: '2f0d292', time: '2018-06-25T15:32:14.902Z'
System info: host: 'KRSTA-PC', ip: '192.168.23.44', os.name: 'Windows 7', os.arch: 'amd64', os.version: '6.1', java.version: '1.8.0_171'
Driver info: org.openqa.selenium.chrome.ChromeDriver
Capabilities {acceptInsecureCerts: false, acceptSslCerts: false, applicationCacheEnabled: false, browserConnectionEnabled: false, browserName: chrome, chrome: {chromedriverVersion: 2.40.565498 (ea082db3280dd6..., userDataDir: C:\Users\Krsta\AppData\Loca...}, cssSelectorsEnabled: true, databaseEnabled: false, handlesAlerts: true, hasTouchScreen: false, javascriptEnabled: true, locationContextEnabled: true, mobileEmulationEnabled: false, nativeEvents: true, networkConnectionEnabled: false, pageLoadStrategy: normal, platform: XP, platformName: XP, rotatable: false, setWindowRect: true, takesHeapSnapshot: true, takesScreenshot: true, unexpectedAlertBehaviour: , unhandledPromptBehavior: , version: 67.0.3396.99, webStorageEnabled: true}
Session ID: 13e481db5c7b71f2e7fe9046d4d6ce06
at org.openqa.selenium.support.ui.WebDriverWait.timeoutException(WebDriverWait.java:81)
at org.openqa.selenium.support.ui.FluentWait.until(FluentWait.java:271)
at pages.InvoicesPage.deleteMsg(InvoicesPage.java:198)
at tests.InvoicesListTest.previewInvoice(InvoicesListTest.java:130)
... Removed 25 stack frames]]>
    </failure>
  </testcase> <!-- previewInvoice -->
  <testcase name="@AfterSuite afterClass" time="0.0" classname="tests.InitTest">
    <ignored/>
  </testcase> <!-- @AfterSuite afterClass -->
  <testcase name="@AfterSuite afterClass" time="0.0" classname="tests.InitTest">
    <ignored/>
  </testcase> <!-- @AfterSuite afterClass -->
  <testcase name="@BeforeSuite beforeClass" time="0.0" classname="tests.InitTest">
    <ignored/>
  </testcase> <!-- @BeforeSuite beforeClass -->
  <testcase name="@BeforeSuite beforeClass" time="0.0" classname="tests.InitTest">
    <ignored/>
  </testcase> <!-- @BeforeSuite beforeClass -->
</testsuite> <!-- Testing -->
